{"E:\\Assignments\\React-Redux-Calculator\\src\\features\\calculatorSlice.ts": {"path":"E:\\Assignments\\React-Redux-Calculator\\src\\features\\calculatorSlice.ts","statementMap":{"0":{"start":{"line":1,"column":0},"end":{"line":1,"column":66}},"1":{"start":{"line":2,"column":0},"end":{"line":2,"column":39}},"2":{"start":{"line":10,"column":38},"end":{"line":14,"column":2}},"3":{"start":{"line":16,"column":19},"end":{"line":16,"column":70}},"4":{"start":{"line":16,"column":36},"end":{"line":16,"column":70}},"5":{"start":{"line":18,"column":16},"end":{"line":60,"column":1}},"6":{"start":{"line":19,"column":16},"end":{"line":19,"column":44}},"7":{"start":{"line":19,"column":31},"end":{"line":19,"column":44}},"8":{"start":{"line":20,"column":39},"end":{"line":20,"column":73}},"9":{"start":{"line":21,"column":38},"end":{"line":21,"column":40}},"10":{"start":{"line":22,"column":24},"end":{"line":22,"column":26}},"11":{"start":{"line":24,"column":2},"end":{"line":33,"column":3}},"12":{"start":{"line":25,"column":4},"end":{"line":32,"column":5}},"13":{"start":{"line":26,"column":6},"end":{"line":26,"column":25}},"14":{"start":{"line":28,"column":6},"end":{"line":30,"column":7}},"15":{"start":{"line":29,"column":8},"end":{"line":29,"column":32}},"16":{"start":{"line":31,"column":6},"end":{"line":31,"column":22}},"17":{"start":{"line":34,"column":2},"end":{"line":34,"column":45}},"18":{"start":{"line":34,"column":21},"end":{"line":34,"column":45}},"19":{"start":{"line":36,"column":26},"end":{"line":36,"column":28}},"20":{"start":{"line":37,"column":2},"end":{"line":58,"column":3}},"21":{"start":{"line":38,"column":4},"end":{"line":57,"column":5}},"22":{"start":{"line":39,"column":16},"end":{"line":39,"column":28}},"23":{"start":{"line":40,"column":16},"end":{"line":40,"column":28}},"24":{"start":{"line":41,"column":19},"end":{"line":41,"column":20}},"25":{"start":{"line":42,"column":6},"end":{"line":53,"column":7}},"26":{"start":{"line":43,"column":18},"end":{"line":43,"column":33}},"27":{"start":{"line":43,"column":34},"end":{"line":43,"column":40}},"28":{"start":{"line":44,"column":18},"end":{"line":44,"column":33}},"29":{"start":{"line":44,"column":34},"end":{"line":44,"column":40}},"30":{"start":{"line":45,"column":18},"end":{"line":45,"column":33}},"31":{"start":{"line":45,"column":34},"end":{"line":45,"column":40}},"32":{"start":{"line":47,"column":10},"end":{"line":50,"column":11}},"33":{"start":{"line":48,"column":12},"end":{"line":48,"column":49}},"34":{"start":{"line":49,"column":12},"end":{"line":49,"column":27}},"35":{"start":{"line":51,"column":10},"end":{"line":51,"column":25}},"36":{"start":{"line":52,"column":10},"end":{"line":52,"column":16}},"37":{"start":{"line":54,"column":6},"end":{"line":54,"column":49}},"38":{"start":{"line":56,"column":6},"end":{"line":56,"column":41}},"39":{"start":{"line":59,"column":2},"end":{"line":59,"column":18}},"40":{"start":{"line":62,"column":24},"end":{"line":111,"column":2}},"41":{"start":{"line":67,"column":20},"end":{"line":67,"column":34}},"42":{"start":{"line":69,"column":6},"end":{"line":108,"column":7}},"43":{"start":{"line":70,"column":8},"end":{"line":76,"column":9}},"44":{"start":{"line":71,"column":10},"end":{"line":71,"column":55}},"45":{"start":{"line":72,"column":10},"end":{"line":72,"column":34}},"46":{"start":{"line":74,"column":10},"end":{"line":75,"column":83}},"47":{"start":{"line":77,"column":13},"end":{"line":108,"column":7}},"48":{"start":{"line":78,"column":8},"end":{"line":78,"column":28}},"49":{"start":{"line":79,"column":8},"end":{"line":79,"column":30}},"50":{"start":{"line":80,"column":8},"end":{"line":80,"column":32}},"51":{"start":{"line":81,"column":13},"end":{"line":108,"column":7}},"52":{"start":{"line":82,"column":8},"end":{"line":82,"column":63}},"53":{"start":{"line":83,"column":13},"end":{"line":108,"column":7}},"54":{"start":{"line":84,"column":8},"end":{"line":84,"column":64}},"55":{"start":{"line":85,"column":8},"end":{"line":85,"column":31}},"56":{"start":{"line":86,"column":13},"end":{"line":108,"column":7}},"57":{"start":{"line":87,"column":20},"end":{"line":87,"column":56}},"58":{"start":{"line":88,"column":23},"end":{"line":88,"column":35}},"59":{"start":{"line":89,"column":8},"end":{"line":89,"column":39}},"60":{"start":{"line":90,"column":8},"end":{"line":90,"column":30}},"61":{"start":{"line":91,"column":8},"end":{"line":91,"column":31}},"62":{"start":{"line":92,"column":13},"end":{"line":108,"column":7}},"63":{"start":{"line":93,"column":8},"end":{"line":106,"column":9}},"64":{"start":{"line":94,"column":10},"end":{"line":103,"column":11}},"65":{"start":{"line":95,"column":12},"end":{"line":95,"column":54}},"66":{"start":{"line":97,"column":30},"end":{"line":97,"column":75}},"67":{"start":{"line":98,"column":12},"end":{"line":102,"column":13}},"68":{"start":{"line":99,"column":14},"end":{"line":99,"column":68}},"69":{"start":{"line":101,"column":14},"end":{"line":101,"column":43}},"70":{"start":{"line":105,"column":10},"end":{"line":105,"column":54}},"71":{"start":{"line":107,"column":8},"end":{"line":107,"column":31}},"72":{"start":{"line":113,"column":15},"end":{"line":113,"column":56}},"73":{"start":{"line":114,"column":0},"end":{"line":114,"column":39}}},"fnMap":{"0":{"name":"(anonymous_0)","decl":{"start":{"line":16,"column":19},"end":{"line":16,"column":20}},"loc":{"start":{"line":16,"column":36},"end":{"line":16,"column":70}}},"1":{"name":"(anonymous_1)","decl":{"start":{"line":18,"column":16},"end":{"line":18,"column":17}},"loc":{"start":{"line":18,"column":51},"end":{"line":60,"column":1}}},"2":{"name":"(anonymous_2)","decl":{"start":{"line":19,"column":16},"end":{"line":19,"column":17}},"loc":{"start":{"line":19,"column":31},"end":{"line":19,"column":44}}},"3":{"name":"(anonymous_3)","decl":{"start":{"line":66,"column":18},"end":{"line":66,"column":19}},"loc":{"start":{"line":66,"column":59},"end":{"line":109,"column":5}}}},"branchMap":{"0":{"loc":{"start":{"line":25,"column":4},"end":{"line":32,"column":5}},"type":"if","locations":[{"start":{"line":25,"column":4},"end":{"line":32,"column":5}},{"start":{"line":27,"column":11},"end":{"line":32,"column":5}}]},"1":{"loc":{"start":{"line":28,"column":13},"end":{"line":28,"column":67}},"type":"binary-expr","locations":[{"start":{"line":28,"column":13},"end":{"line":28,"column":23}},{"start":{"line":28,"column":27},"end":{"line":28,"column":67}}]},"2":{"loc":{"start":{"line":38,"column":4},"end":{"line":57,"column":5}},"type":"if","locations":[{"start":{"line":38,"column":4},"end":{"line":57,"column":5}},{"start":{"line":55,"column":11},"end":{"line":57,"column":5}}]},"3":{"loc":{"start":{"line":38,"column":8},"end":{"line":38,"column":54}},"type":"binary-expr","locations":[{"start":{"line":38,"column":8},"end":{"line":38,"column":33}},{"start":{"line":38,"column":37},"end":{"line":38,"column":54}}]},"4":{"loc":{"start":{"line":42,"column":6},"end":{"line":53,"column":7}},"type":"switch","locations":[{"start":{"line":43,"column":8},"end":{"line":43,"column":40}},{"start":{"line":44,"column":8},"end":{"line":44,"column":40}},{"start":{"line":45,"column":8},"end":{"line":45,"column":40}},{"start":{"line":46,"column":8},"end":{"line":52,"column":16}}]},"5":{"loc":{"start":{"line":47,"column":10},"end":{"line":50,"column":11}},"type":"if","locations":[{"start":{"line":47,"column":10},"end":{"line":50,"column":11}},{"start":{},"end":{}}]},"6":{"loc":{"start":{"line":69,"column":6},"end":{"line":108,"column":7}},"type":"if","locations":[{"start":{"line":69,"column":6},"end":{"line":108,"column":7}},{"start":{"line":77,"column":13},"end":{"line":108,"column":7}}]},"7":{"loc":{"start":{"line":69,"column":10},"end":{"line":69,"column":48}},"type":"binary-expr","locations":[{"start":{"line":69,"column":10},"end":{"line":69,"column":31}},{"start":{"line":69,"column":35},"end":{"line":69,"column":48}}]},"8":{"loc":{"start":{"line":70,"column":8},"end":{"line":76,"column":9}},"type":"if","locations":[{"start":{"line":70,"column":8},"end":{"line":76,"column":9}},{"start":{"line":73,"column":15},"end":{"line":76,"column":9}}]},"9":{"loc":{"start":{"line":71,"column":26},"end":{"line":71,"column":54}},"type":"cond-expr","locations":[{"start":{"line":71,"column":42},"end":{"line":71,"column":46}},{"start":{"line":71,"column":49},"end":{"line":71,"column":54}}]},"10":{"loc":{"start":{"line":75,"column":12},"end":{"line":75,"column":82}},"type":"cond-expr","locations":[{"start":{"line":75,"column":53},"end":{"line":75,"column":58}},{"start":{"line":75,"column":61},"end":{"line":75,"column":82}}]},"11":{"loc":{"start":{"line":75,"column":12},"end":{"line":75,"column":50}},"type":"binary-expr","locations":[{"start":{"line":75,"column":12},"end":{"line":75,"column":33}},{"start":{"line":75,"column":37},"end":{"line":75,"column":50}}]},"12":{"loc":{"start":{"line":77,"column":13},"end":{"line":108,"column":7}},"type":"if","locations":[{"start":{"line":77,"column":13},"end":{"line":108,"column":7}},{"start":{"line":81,"column":13},"end":{"line":108,"column":7}}]},"13":{"loc":{"start":{"line":81,"column":13},"end":{"line":108,"column":7}},"type":"if","locations":[{"start":{"line":81,"column":13},"end":{"line":108,"column":7}},{"start":{"line":83,"column":13},"end":{"line":108,"column":7}}]},"14":{"loc":{"start":{"line":83,"column":13},"end":{"line":108,"column":7}},"type":"if","locations":[{"start":{"line":83,"column":13},"end":{"line":108,"column":7}},{"start":{"line":86,"column":13},"end":{"line":108,"column":7}}]},"15":{"loc":{"start":{"line":86,"column":13},"end":{"line":108,"column":7}},"type":"if","locations":[{"start":{"line":86,"column":13},"end":{"line":108,"column":7}},{"start":{"line":92,"column":13},"end":{"line":108,"column":7}}]},"16":{"loc":{"start":{"line":92,"column":13},"end":{"line":108,"column":7}},"type":"if","locations":[{"start":{"line":92,"column":13},"end":{"line":108,"column":7}},{"start":{},"end":{}}]},"17":{"loc":{"start":{"line":93,"column":8},"end":{"line":106,"column":9}},"type":"if","locations":[{"start":{"line":93,"column":8},"end":{"line":106,"column":9}},{"start":{"line":104,"column":15},"end":{"line":106,"column":9}}]},"18":{"loc":{"start":{"line":94,"column":10},"end":{"line":103,"column":11}},"type":"if","locations":[{"start":{"line":94,"column":10},"end":{"line":103,"column":11}},{"start":{"line":96,"column":17},"end":{"line":103,"column":11}}]},"19":{"loc":{"start":{"line":98,"column":12},"end":{"line":102,"column":13}},"type":"if","locations":[{"start":{"line":98,"column":12},"end":{"line":102,"column":13}},{"start":{"line":100,"column":19},"end":{"line":102,"column":13}}]}},"s":{"0":1,"1":1,"2":1,"3":1,"4":64,"5":1,"6":8,"7":19,"8":8,"9":8,"10":8,"11":8,"12":30,"13":19,"14":11,"15":2,"16":11,"17":8,"18":9,"19":8,"20":8,"21":30,"22":11,"23":11,"24":11,"25":11,"26":2,"27":2,"28":2,"29":2,"30":4,"31":4,"32":3,"33":1,"34":1,"35":2,"36":2,"37":10,"38":19,"39":7,"40":1,"41":16,"42":16,"43":2,"44":1,"45":1,"46":1,"47":14,"48":1,"49":1,"50":1,"51":13,"52":1,"53":12,"54":1,"55":1,"56":11,"57":8,"58":8,"59":8,"60":8,"61":8,"62":3,"63":3,"64":2,"65":1,"66":1,"67":1,"68":1,"69":0,"70":1,"71":3,"72":1,"73":1},"f":{"0":64,"1":8,"2":19,"3":16},"b":{"0":[19,11],"1":[13,3],"2":[11,19],"3":[30,30],"4":[2,2,4,3],"5":[1,2],"6":[2,14],"7":[16,14],"8":[1,1],"9":[0,1],"10":[1,0],"11":[1,1],"12":[1,13],"13":[1,12],"14":[1,11],"15":[8,3],"16":[3,0],"17":[2,1],"18":[1,1],"19":[1,0]}}
}
