TN:
SF:src\features\calculatorSlice.ts
FN:16,(anonymous_0)
FN:18,(anonymous_1)
FN:19,(anonymous_2)
FN:66,(anonymous_3)
FNF:4
FNH:4
FNDA:64,(anonymous_0)
FNDA:8,(anonymous_1)
FNDA:19,(anonymous_2)
FNDA:16,(anonymous_3)
DA:1,1
DA:2,1
DA:10,1
DA:16,64
DA:18,1
DA:19,19
DA:20,8
DA:21,8
DA:22,8
DA:24,8
DA:25,30
DA:26,19
DA:28,11
DA:29,2
DA:31,11
DA:34,9
DA:36,8
DA:37,8
DA:38,30
DA:39,11
DA:40,11
DA:41,11
DA:42,11
DA:43,2
DA:44,2
DA:45,4
DA:47,3
DA:48,1
DA:49,1
DA:51,2
DA:52,2
DA:54,10
DA:56,19
DA:59,7
DA:62,1
DA:67,16
DA:69,16
DA:70,2
DA:71,1
DA:72,1
DA:74,1
DA:77,14
DA:78,1
DA:79,1
DA:80,1
DA:81,13
DA:82,1
DA:83,12
DA:84,1
DA:85,1
DA:86,11
DA:87,8
DA:88,8
DA:89,8
DA:90,8
DA:91,8
DA:92,3
DA:93,3
DA:94,2
DA:95,1
DA:97,1
DA:98,1
DA:99,1
DA:101,0
DA:105,1
DA:107,3
DA:113,1
DA:114,1
LF:68
LH:67
BRDA:25,0,0,19
BRDA:25,0,1,11
BRDA:28,1,0,13
BRDA:28,1,1,3
BRDA:38,2,0,11
BRDA:38,2,1,19
BRDA:38,3,0,30
BRDA:38,3,1,30
BRDA:42,4,0,2
BRDA:42,4,1,2
BRDA:42,4,2,4
BRDA:42,4,3,3
BRDA:47,5,0,1
BRDA:47,5,1,2
BRDA:69,6,0,2
BRDA:69,6,1,14
BRDA:69,7,0,16
BRDA:69,7,1,14
BRDA:70,8,0,1
BRDA:70,8,1,1
BRDA:71,9,0,0
BRDA:71,9,1,1
BRDA:75,10,0,1
BRDA:75,10,1,0
BRDA:75,11,0,1
BRDA:75,11,1,1
BRDA:77,12,0,1
BRDA:77,12,1,13
BRDA:81,13,0,1
BRDA:81,13,1,12
BRDA:83,14,0,1
BRDA:83,14,1,11
BRDA:86,15,0,8
BRDA:86,15,1,3
BRDA:92,16,0,3
BRDA:92,16,1,0
BRDA:93,17,0,2
BRDA:93,17,1,1
BRDA:94,18,0,1
BRDA:94,18,1,1
BRDA:98,19,0,1
BRDA:98,19,1,0
BRF:42
BRH:38
end_of_record
